TN:
SF:src/app.ts
FN:9,(anonymous_7)
FNF:1
FNH:0
FNDA:0,(anonymous_7)
DA:1,2
DA:2,2
DA:3,2
DA:4,2
DA:6,2
DA:7,2
DA:9,2
DA:10,2
DA:11,2
DA:13,2
LF:10
LH:10
BRF:0
BRH:0
end_of_record
TN:
SF:src/config/database.ts
FNF:0
FNH:0
DA:1,2
DA:2,2
DA:4,2
LF:3
LH:3
BRF:0
BRH:0
end_of_record
TN:
SF:src/controllers/consoles-controller.ts
FN:6,getConsoles
FN:11,getSpecificConsole
FN:22,createConsole
FNF:3
FNH:3
FNDA:1,getConsoles
FNDA:2,getSpecificConsole
FNDA:2,createConsole
DA:2,2
DA:4,2
DA:6,2
DA:7,1
DA:8,1
DA:11,2
DA:12,2
DA:13,2
DA:14,2
DA:15,1
DA:17,1
DA:18,1
DA:22,2
DA:23,2
DA:24,2
DA:25,2
DA:26,1
DA:28,1
DA:29,1
LF:19
LH:19
BRF:0
BRH:0
end_of_record
TN:
SF:src/controllers/games-controller.ts
FN:6,getGames
FN:11,getSpecificGame
FN:22,createGame
FNF:3
FNH:3
FNDA:1,getGames
FNDA:2,getSpecificGame
FNDA:2,createGame
DA:2,2
DA:4,2
DA:6,2
DA:7,1
DA:8,1
DA:11,2
DA:12,2
DA:13,2
DA:14,2
DA:15,1
DA:17,1
DA:18,1
DA:22,2
DA:23,2
DA:24,2
DA:25,2
DA:26,1
DA:28,1
DA:29,1
LF:19
LH:19
BRF:0
BRH:0
end_of_record
TN:
SF:src/middlewares/schemaValidatorMiddleware.ts
FN:5,validateSchemaMiddleware
FN:6,(anonymous_2)
FNF:2
FNH:2
FNDA:4,validateSchemaMiddleware
FNDA:4,(anonymous_2)
DA:2,2
DA:5,2
DA:6,4
DA:7,4
DA:8,4
DA:9,0
DA:12,4
LF:7
LH:6
BRDA:8,0,0,0
BRF:1
BRH:0
end_of_record
TN:
SF:src/repositories/consoles-repository.ts
FN:4,getConsoles
FN:8,getSpecificConsole
FN:14,getSpecificConsoleByName
FN:22,insertConsole
FNF:4
FNH:4
FNDA:1,getConsoles
FNDA:3,getSpecificConsole
FNDA:2,getSpecificConsoleByName
FNDA:1,insertConsole
DA:1,2
DA:5,1
DA:9,3
DA:15,2
DA:23,1
DA:28,2
DA:35,2
LF:7
LH:7
BRF:0
BRH:0
end_of_record
TN:
SF:src/repositories/games-repository.ts
FN:4,getGames
FN:12,getSpecificGame
FN:18,getSpecificGameByName
FN:26,insertGame
FNF:4
FNH:4
FNDA:1,getGames
FNDA:2,getSpecificGame
FNDA:2,getSpecificGameByName
FNDA:1,insertGame
DA:1,2
DA:5,1
DA:13,2
DA:19,2
DA:27,1
DA:32,2
DA:39,2
LF:7
LH:7
BRF:0
BRH:0
end_of_record
TN:
SF:src/routers/consoles-router.ts
FNF:0
FNH:0
DA:1,2
DA:3,2
DA:4,2
DA:5,2
DA:7,2
DA:9,2
DA:10,2
DA:11,2
DA:13,2
LF:9
LH:9
BRF:0
BRH:0
end_of_record
TN:
SF:src/routers/games-router.ts
FNF:0
FNH:0
DA:1,2
DA:3,2
DA:4,2
DA:5,2
DA:7,2
DA:9,2
DA:10,2
DA:11,2
DA:13,2
LF:9
LH:9
BRF:0
BRH:0
end_of_record
TN:
SF:src/schemas/console-schema.ts
FNF:0
FNH:0
DA:1,2
DA:4,2
LF:2
LH:2
BRF:0
BRH:0
end_of_record
TN:
SF:src/schemas/game-schema.ts
FNF:0
FNH:0
DA:1,2
DA:4,2
LF:2
LH:2
BRF:0
BRH:0
end_of_record
TN:
SF:src/services/consoles-service.ts
FN:6,getConsoles
FN:11,getSpecificConsole
FN:20,createConsole
FNF:3
FNH:3
FNDA:1,getConsoles
FNDA:2,getSpecificConsole
FNDA:2,createConsole
DA:2,2
DA:7,1
DA:8,1
DA:12,2
DA:13,2
DA:14,1
DA:17,1
DA:21,2
DA:22,2
DA:23,1
DA:26,1
DA:29,2
DA:35,2
LF:13
LH:13
BRDA:13,0,0,1
BRDA:22,1,0,1
BRF:2
BRH:2
end_of_record
TN:
SF:src/services/games-service.ts
FN:7,getGames
FN:12,getSpecificGame
FN:21,createGame
FNF:3
FNH:3
FNDA:1,getGames
FNDA:2,getSpecificGame
FNDA:2,createGame
DA:2,2
DA:3,2
DA:8,1
DA:9,1
DA:13,2
DA:14,2
DA:15,1
DA:18,1
DA:22,2
DA:23,2
DA:24,1
DA:27,1
DA:28,1
DA:29,0
DA:32,1
DA:35,2
DA:41,2
LF:17
LH:16
BRDA:14,0,0,1
BRDA:23,1,0,1
BRDA:28,2,0,0
BRF:3
BRH:2
end_of_record
TN:
SF:tests/factories/console-factory.ts
FN:4,inputConsole
FNF:1
FNH:1
FNDA:7,inputConsole
DA:1,2
DA:2,2
DA:4,2
DA:5,7
LF:4
LH:4
BRF:0
BRH:0
end_of_record
TN:
SF:tests/factories/game-factory.ts
FN:4,inputGame
FNF:1
FNH:1
FNDA:3,inputGame
DA:1,1
DA:2,1
DA:4,1
DA:5,3
LF:4
LH:4
BRF:0
BRH:0
end_of_record
